Arguments: 
  C:\Program Files\nodejs\node.exe C:\Users\iwona\AppData\Roaming\npm\node_modules\yarn\bin\yarn.js init

PATH: 
  C:\Users\iwona\bin;C:\Users\iwona\AppData\Local\Programs\Git\mingw64\bin;C:\Users\iwona\AppData\Local\Programs\Git\usr\local\bin;C:\Users\iwona\AppData\Local\Programs\Git\usr\bin;C:\Users\iwona\AppData\Local\Programs\Git\usr\bin;C:\Users\iwona\AppData\Local\Programs\Git\mingw64\bin;C:\Users\iwona\AppData\Local\Programs\Git\usr\bin;C:\Users\iwona\bin;C:\Windows\system32;C:\Windows;C:\Windows\System32\Wbem;C:\Windows\System32\WindowsPowerShell\v1.0;C:\Windows\System32\OpenSSH;C:\Program Files\nodejs;C:\Program Files\Docker\Docker\resources\bin;C:\ProgramData\DockerDesktop\version-bin;C:\Users\iwona\AppData\Local\Microsoft\WindowsApps;C:\Users\iwona\AppData\Local\Programs\Microsoft VS Code\bin;C:\Users\iwona\AppData\Local\Programs\Git\cmd;C:\Users\iwona\AppData\Roaming\npm;C:\Users\iwona\AppData\Local\Programs\Git\usr\bin\vendor_perl;C:\Users\iwona\AppData\Local\Programs\Git\usr\bin\core_perl

Yarn version: 
  1.22.19

Node version: 
  16.14.2

Platform: 
  win32 x64

Trace: 
  Error: Can't answer a question unless a user TTY
      at ConsoleReporter.question (C:\Users\iwona\AppData\Roaming\npm\node_modules\yarn\lib\cli.js:92864:59)
      at Object.<anonymous> (C:\Users\iwona\AppData\Roaming\npm\node_modules\yarn\lib\cli.js:85054:38)
      at Generator.next (<anonymous>)
      at step (C:\Users\iwona\AppData\Roaming\npm\node_modules\yarn\lib\cli.js:310:30)
      at C:\Users\iwona\AppData\Roaming\npm\node_modules\yarn\lib\cli.js:321:13

npm manifest: 
  No manifest

yarn manifest: 
  No manifest

Lockfile: 
  # THIS IS AN AUTOGENERATED FILE. DO NOT EDIT THIS FILE DIRECTLY.
  # yarn lockfile v1
